d:\project\obs\graphicscapture\graphicscapturehook\debug\vc120.pdb
d:\project\obs\graphicscapture\graphicscapturehook\debug\vc120.idb
d:\project\obs\graphicscapture\graphicscapturehook\debug\d3d10.1capture.obj
d:\project\obs\graphicscapture\graphicscapturehook\debug\d3d10.1capture.asm
d:\project\obs\graphicscapture\graphicscapturehook\debug\d3d10capture.obj
d:\project\obs\graphicscapture\graphicscapturehook\debug\d3d10capture.asm
d:\project\obs\graphicscapture\graphicscapturehook\debug\d3d11capture.obj
d:\project\obs\graphicscapture\graphicscapturehook\debug\d3d11capture.asm
d:\project\obs\graphicscapture\graphicscapturehook\debug\d3d8capture.obj
d:\project\obs\graphicscapture\graphicscapturehook\debug\d3d8capture.asm
d:\project\obs\graphicscapture\graphicscapturehook\debug\d3d9capture.obj
d:\project\obs\graphicscapture\graphicscapturehook\debug\d3d9capture.asm
d:\project\obs\graphicscapture\graphicscapturehook\debug\d3d9logstuff.obj
d:\project\obs\graphicscapture\graphicscapturehook\debug\d3d9logstuff.asm
d:\project\obs\graphicscapture\graphicscapturehook\debug\ddrawcapture.obj
d:\project\obs\graphicscapture\graphicscapturehook\debug\ddrawcapture.asm
d:\project\obs\graphicscapture\graphicscapturehook\debug\dxgicapture.obj
d:\project\obs\graphicscapture\graphicscapturehook\debug\dxgicapture.asm
d:\project\obs\graphicscapture\graphicscapturehook\debug\graphicscapturehook.obj
d:\project\obs\graphicscapture\graphicscapturehook\debug\graphicscapturehook.asm
d:\project\obs\graphicscapture\graphicscapturehook\debug\openglcapture.obj
d:\project\obs\graphicscapture\graphicscapturehook\debug\openglcapture.asm
d:\project\obs\graphicscapture\graphicscapturehook\debug\graphicscapturehook.lib
d:\project\obs\graphicscapture\graphicscapturehook\debug\graphicscapturehook.exp
d:\project\obs\graphicscapture\graphicscapturehook\debug\graphicscapturehook.dll
d:\project\obs\rundir\pdb32\graphicscapturehook.pdb
d:\project\obs\graphicscapture\graphicscapturehook\debug\graphicscapturehook.res
d:\project\obs\graphicscapture\graphicscapturehook\debug\graphics.12111d5c.tlog\cl.command.1.tlog
d:\project\obs\graphicscapture\graphicscapturehook\debug\graphics.12111d5c.tlog\cl.read.1.tlog
d:\project\obs\graphicscapture\graphicscapturehook\debug\graphics.12111d5c.tlog\cl.read.2.tlog
d:\project\obs\graphicscapture\graphicscapturehook\debug\graphics.12111d5c.tlog\cl.read.3.tlog
d:\project\obs\graphicscapture\graphicscapturehook\debug\graphics.12111d5c.tlog\cl.read.4.tlog
d:\project\obs\graphicscapture\graphicscapturehook\debug\graphics.12111d5c.tlog\cl.read.5.tlog
d:\project\obs\graphicscapture\graphicscapturehook\debug\graphics.12111d5c.tlog\cl.write.1.tlog
d:\project\obs\graphicscapture\graphicscapturehook\debug\graphics.12111d5c.tlog\graphicscapturehook.write.1u.tlog
d:\project\obs\graphicscapture\graphicscapturehook\debug\graphics.12111d5c.tlog\link.command.1.tlog
d:\project\obs\graphicscapture\graphicscapturehook\debug\graphics.12111d5c.tlog\link.read.1.tlog
d:\project\obs\graphicscapture\graphicscapturehook\debug\graphics.12111d5c.tlog\link.write.1.tlog
d:\project\obs\graphicscapture\graphicscapturehook\debug\graphics.12111d5c.tlog\rc.command.1.tlog
d:\project\obs\graphicscapture\graphicscapturehook\debug\graphics.12111d5c.tlog\rc.read.1.tlog
d:\project\obs\graphicscapture\graphicscapturehook\debug\graphics.12111d5c.tlog\rc.write.1.tlog
