生成启动时间为 2016/6/21 14:49:14。
     1>项目“F:\songmm_moon_stone_obs\OBS\libmfx\libmfx.vcxproj”在节点 5 上(Rebuild 个目标)。
     1>ClCompile:
         D:\vs2013\VC\bin\CL.exe /c /Iinclude /Iinclude/msdk/include /Zi /nologo /W4 /WX- /O2 /Ob2 /Oi /Ot /Oy- /GL /D WIN32 /D NDEBUG /D _LIB /D MFX_VA /D _UNICODE /D UNICODE /Gm- /EHa /MT /GS /fp:precise /Zc:wchar_t /Zc:forScope /Fo"Win32\Release\\" /Fd"Win32\Release\vc120.pdb" /Gd /TP /analyze- /errorReport:prompt /Zo src\main.cpp src\mfx_critical_section.cpp src\mfx_dispatcher.cpp src\mfx_dispatcher_log.cpp src\mfx_dxva2_device.cpp src\mfx_function_table.cpp src\mfx_library_iterator.cpp src\mfx_load_dll.cpp src\mfx_load_plugin.cpp src\mfx_plugin_hive.cpp src\mfx_win_reg_key.cpp
     1>cl : 命令行 warning D9002: 忽略未知选项“/Zo”
         main.cpp
         mfx_critical_section.cpp
         mfx_dispatcher.cpp
         mfx_dispatcher_log.cpp
         mfx_dxva2_device.cpp
         mfx_function_table.cpp
         mfx_library_iterator.cpp
         mfx_load_dll.cpp
         mfx_load_plugin.cpp
         mfx_plugin_hive.cpp
         mfx_win_reg_key.cpp
       Lib:
         D:\vs2013\VC\bin\Lib.exe /OUT:"Win32\Release\libmfx.lib" /NOLOGO /LTCG Win32\Release\main.obj
         Win32\Release\mfx_critical_section.obj
         Win32\Release\mfx_dispatcher.obj
         Win32\Release\mfx_dispatcher_log.obj
         Win32\Release\mfx_dxva2_device.obj
         Win32\Release\mfx_function_table.obj
         Win32\Release\mfx_library_iterator.obj
         Win32\Release\mfx_load_dll.obj
         Win32\Release\mfx_load_plugin.obj
         Win32\Release\mfx_plugin_hive.obj
         Win32\Release\mfx_win_reg_key.obj
         libmfx.vcxproj -> F:\songmm_moon_stone_obs\OBS\libmfx\Win32\Release\libmfx.lib
     1>已完成生成项目“F:\songmm_moon_stone_obs\OBS\libmfx\libmfx.vcxproj”(Rebuild 个目标)的操作。

生成成功。

已用时间 00:00:11.47
