c:\users\administrator\songmm_moon_stone_obs\obs\dshowplugin\release\vc120.pdb
c:\users\administrator\songmm_moon_stone_obs\obs\dshowplugin\release\mediainfostuff.obj
c:\users\administrator\songmm_moon_stone_obs\obs\dshowplugin\release\imagemadness.obj
c:\users\administrator\songmm_moon_stone_obs\obs\dshowplugin\release\dshowplugin.obj
c:\users\administrator\songmm_moon_stone_obs\obs\dshowplugin\release\devicesource.obj
c:\users\administrator\songmm_moon_stone_obs\obs\dshowplugin\release\deviceaudio.obj
c:\users\administrator\songmm_moon_stone_obs\obs\dshowplugin\release\capturefilter.obj
c:\users\administrator\songmm_moon_stone_obs\obs\dshowplugin\release\dshowplugin.lib
c:\users\administrator\songmm_moon_stone_obs\obs\dshowplugin\release\dshowplugin.exp
c:\users\administrator\songmm_moon_stone_obs\obs\dshowplugin\release\dshowplugin.dll
c:\users\administrator\songmm_moon_stone_obs\obs\dshowplugin\release\capturefilter.asm
c:\users\administrator\songmm_moon_stone_obs\obs\dshowplugin\release\deviceaudio.asm
c:\users\administrator\songmm_moon_stone_obs\obs\dshowplugin\release\devicesource.asm
c:\users\administrator\songmm_moon_stone_obs\obs\dshowplugin\release\dshowplugin.asm
c:\users\administrator\songmm_moon_stone_obs\obs\dshowplugin\release\imagemadness.asm
c:\users\administrator\songmm_moon_stone_obs\obs\dshowplugin\release\mediainfostuff.asm
c:\users\administrator\songmm_moon_stone_obs\obs\rundir\pdb32\dshowplugin.pdb
c:\users\administrator\songmm_moon_stone_obs\obs\dshowplugin\release\dshowplugin.res
c:\users\administrator\songmm_moon_stone_obs\obs\dshowplugin\release\dshowplugin.tlog\cl.command.1.tlog
c:\users\administrator\songmm_moon_stone_obs\obs\dshowplugin\release\dshowplugin.tlog\cl.read.1.tlog
c:\users\administrator\songmm_moon_stone_obs\obs\dshowplugin\release\dshowplugin.tlog\cl.write.1.tlog
c:\users\administrator\songmm_moon_stone_obs\obs\dshowplugin\release\dshowplugin.tlog\dshowplugin.write.1u.tlog
c:\users\administrator\songmm_moon_stone_obs\obs\dshowplugin\release\dshowplugin.tlog\link.command.1.tlog
c:\users\administrator\songmm_moon_stone_obs\obs\dshowplugin\release\dshowplugin.tlog\link.read.1.tlog
c:\users\administrator\songmm_moon_stone_obs\obs\dshowplugin\release\dshowplugin.tlog\link.write.1.tlog
c:\users\administrator\songmm_moon_stone_obs\obs\dshowplugin\release\dshowplugin.tlog\rc.command.1.tlog
c:\users\administrator\songmm_moon_stone_obs\obs\dshowplugin\release\dshowplugin.tlog\rc.read.1.tlog
c:\users\administrator\songmm_moon_stone_obs\obs\dshowplugin\release\dshowplugin.tlog\rc.write.1.tlog
