c:\users\administrator\songmm_moon_stone_obs\obs\graphicscapture\release\vc120.pdb
c:\users\administrator\songmm_moon_stone_obs\obs\graphicscapture\release\windowcapture.obj
c:\users\administrator\songmm_moon_stone_obs\obs\graphicscapture\release\sharedtexcapture.obj
c:\users\administrator\songmm_moon_stone_obs\obs\graphicscapture\release\memorycapture.obj
c:\users\administrator\songmm_moon_stone_obs\obs\graphicscapture\release\graphicscapturesource.obj
c:\users\administrator\songmm_moon_stone_obs\obs\graphicscapture\release\graphicscapture.obj
c:\users\administrator\songmm_moon_stone_obs\obs\graphicscapture\release\graphicscapture.lib
c:\users\administrator\songmm_moon_stone_obs\obs\graphicscapture\release\graphicscapture.exp
c:\users\administrator\songmm_moon_stone_obs\obs\graphicscapture\release\graphicscapture.dll
c:\users\administrator\songmm_moon_stone_obs\obs\rundir\pdb32\graphicscapture.pdb
c:\users\administrator\songmm_moon_stone_obs\obs\graphicscapture\release\graphicscapture.res
c:\users\administrator\songmm_moon_stone_obs\obs\graphicscapture\release\graphicscapture.tlog\cl.command.1.tlog
c:\users\administrator\songmm_moon_stone_obs\obs\graphicscapture\release\graphicscapture.tlog\cl.read.1.tlog
c:\users\administrator\songmm_moon_stone_obs\obs\graphicscapture\release\graphicscapture.tlog\cl.write.1.tlog
c:\users\administrator\songmm_moon_stone_obs\obs\graphicscapture\release\graphicscapture.tlog\graphicscapture.write.1u.tlog
c:\users\administrator\songmm_moon_stone_obs\obs\graphicscapture\release\graphicscapture.tlog\link.command.1.tlog
c:\users\administrator\songmm_moon_stone_obs\obs\graphicscapture\release\graphicscapture.tlog\link.read.1.tlog
c:\users\administrator\songmm_moon_stone_obs\obs\graphicscapture\release\graphicscapture.tlog\link.write.1.tlog
c:\users\administrator\songmm_moon_stone_obs\obs\graphicscapture\release\graphicscapture.tlog\rc.command.1.tlog
c:\users\administrator\songmm_moon_stone_obs\obs\graphicscapture\release\graphicscapture.tlog\rc.read.1.tlog
c:\users\administrator\songmm_moon_stone_obs\obs\graphicscapture\release\graphicscapture.tlog\rc.write.1.tlog
