c:\users\administrator\songmm_moon_stone_obs\obs\graphicscapture\graphicscapturehook\release\vc120.pdb
c:\users\administrator\songmm_moon_stone_obs\obs\graphicscapture\graphicscapturehook\release\openglcapture.obj
c:\users\administrator\songmm_moon_stone_obs\obs\graphicscapture\graphicscapturehook\release\graphicscapturehook.obj
c:\users\administrator\songmm_moon_stone_obs\obs\graphicscapture\graphicscapturehook\release\dxgicapture.obj
c:\users\administrator\songmm_moon_stone_obs\obs\graphicscapture\graphicscapturehook\release\ddrawcapture.obj
c:\users\administrator\songmm_moon_stone_obs\obs\graphicscapture\graphicscapturehook\release\d3d9logstuff.obj
c:\users\administrator\songmm_moon_stone_obs\obs\graphicscapture\graphicscapturehook\release\d3d9capture.obj
c:\users\administrator\songmm_moon_stone_obs\obs\graphicscapture\graphicscapturehook\release\d3d8capture.obj
c:\users\administrator\songmm_moon_stone_obs\obs\graphicscapture\graphicscapturehook\release\d3d11capture.obj
c:\users\administrator\songmm_moon_stone_obs\obs\graphicscapture\graphicscapturehook\release\d3d10capture.obj
c:\users\administrator\songmm_moon_stone_obs\obs\graphicscapture\graphicscapturehook\release\d3d10.1capture.obj
c:\users\administrator\songmm_moon_stone_obs\obs\graphicscapture\graphicscapturehook\release\graphicscapturehook.lib
c:\users\administrator\songmm_moon_stone_obs\obs\graphicscapture\graphicscapturehook\release\graphicscapturehook.exp
c:\users\administrator\songmm_moon_stone_obs\obs\graphicscapture\graphicscapturehook\release\graphicscapturehook.dll
c:\users\administrator\songmm_moon_stone_obs\obs\rundir\pdb32\graphicscapturehook.pdb
c:\users\administrator\songmm_moon_stone_obs\obs\graphicscapture\graphicscapturehook\release\graphicscapturehook.res
c:\users\administrator\songmm_moon_stone_obs\obs\graphicscapture\graphicscapturehook\release\graphics.12111d5c.tlog\cl.command.1.tlog
c:\users\administrator\songmm_moon_stone_obs\obs\graphicscapture\graphicscapturehook\release\graphics.12111d5c.tlog\cl.read.1.tlog
c:\users\administrator\songmm_moon_stone_obs\obs\graphicscapture\graphicscapturehook\release\graphics.12111d5c.tlog\cl.write.1.tlog
c:\users\administrator\songmm_moon_stone_obs\obs\graphicscapture\graphicscapturehook\release\graphics.12111d5c.tlog\graphicscapturehook.write.1u.tlog
c:\users\administrator\songmm_moon_stone_obs\obs\graphicscapture\graphicscapturehook\release\graphics.12111d5c.tlog\link.command.1.tlog
c:\users\administrator\songmm_moon_stone_obs\obs\graphicscapture\graphicscapturehook\release\graphics.12111d5c.tlog\link.read.1.tlog
c:\users\administrator\songmm_moon_stone_obs\obs\graphicscapture\graphicscapturehook\release\graphics.12111d5c.tlog\link.write.1.tlog
c:\users\administrator\songmm_moon_stone_obs\obs\graphicscapture\graphicscapturehook\release\graphics.12111d5c.tlog\rc.command.1.tlog
c:\users\administrator\songmm_moon_stone_obs\obs\graphicscapture\graphicscapturehook\release\graphics.12111d5c.tlog\rc.read.1.tlog
c:\users\administrator\songmm_moon_stone_obs\obs\graphicscapture\graphicscapturehook\release\graphics.12111d5c.tlog\rc.write.1.tlog
