生成启动时间为 2016/6/21 14:49:13。
     1>项目“F:\songmm_moon_stone_obs\OBS\librtmp\librtmp.vcxproj”在节点 4 上(Rebuild 个目标)。
     1>ClCompile:
         D:\vs2013\VC\bin\CL.exe /c /Zi /nologo /W3 /WX- /O2 /Oi /Oy- /GL /D USE_ONLY_MD5 /D WIN32 /D NDEBUG /D _WINDOWS /D _USRDLL /D LIBRTMP_EXPORTS /D _UNICODE /D UNICODE /Gm- /EHsc /MT /GS /Gy /fp:precise /Zc:wchar_t /Zc:forScope /Fo"Release\\" /Fd"Release\vc120.pdb" /Gd /TC /analyze- /errorReport:prompt /Zo amf.c cencode.c hashswf.c log.c md5.c parseurl.c rtmp.c
     1>cl : 命令行 warning D9002: 忽略未知选项“/Zo”
         amf.c
         cencode.c
         hashswf.c
         log.c
         md5.c
         parseurl.c
         rtmp.c
       Lib:
         D:\vs2013\VC\bin\Lib.exe /OUT:"Release\librtmp.lib" /NOLOGO /LTCG Release\amf.obj
         Release\cencode.obj
         Release\hashswf.obj
         Release\log.obj
         Release\md5.obj
         Release\parseurl.obj
         Release\rtmp.obj
         librtmp.vcxproj -> F:\songmm_moon_stone_obs\OBS\librtmp\Release\librtmp.lib
     1>已完成生成项目“F:\songmm_moon_stone_obs\OBS\librtmp\librtmp.vcxproj”(Rebuild 个目标)的操作。

生成成功。

已用时间 00:00:05.58
